[faunus 639213] T: creating exclusion matrix 0×0 for 0 atoms within distance 0
[faunus 639213] I: Reading molecule configuration from file: /data2/stefan/SI-caffeine-surface-area/Structures/CFF_CG.aam
[faunus 639213] D: comment line: Infile: CFF_CG.pdb on 2019-01-24 16:11:26.125618 aurora1
[faunus 639213] D: net charge of loaded structure: 0e
[faunus 639213] T: creating exclusion matrix 8×0 for 8 atoms within distance 0
[faunus 639213] T: creating exclusion matrix 0×0 for 0 atoms within distance 0
[faunus 639213] I: Reading molecule configuration from file: /data2/stefan/SI-caffeine-surface-area/Structures/CFF_CG.aam
[faunus 639213] D: comment line: Infile: CFF_CG.pdb on 2019-01-24 16:11:26.125618 aurora1
[faunus 639213] D: net charge of loaded structure: 0e
[faunus 639213] T: creating exclusion matrix 8×0 for 8 atoms within distance 0
[faunus 639213] T: space particle capacity = 3768
[faunus 639213] T: space groups capacity = 471
[faunus 639213] I: adding 470 CFF1 molecules --> 4.99490E-02 mol/l (0 inactive)
[faunus 639213] I: adding 1 CFF2 molecules --> 0.00000E+00 mol/l (1 inactive)
[faunus 639213] T: particles inserted = 3768
[faunus 639213] T: groups inserted = 471
[faunus 639213] D: Combination rule lorentz_berthelot in effect for the wca potential.
[faunus 639213] T: Pair matrices for wca sigma (8×8) and epsilon (8×8) created using 0 custom pairs.
[faunus 639213] D: activated instant energy summation
[faunus 639213] D: setting summation policy to "serial"
[faunus 639213] D: hamiltonian expanded with nonbonded_exact
[faunus 639213] I: initial energy = 6.084932E+03 kT
[faunus 639213] W: `density` is replaced by `molecule_density` and `atom_density`. Activating the latter...
[faunus 639213] T: enabling gzip compression for energy.dat.gz
[mcloop 639213] [1670487358.251341] W: humongous negative energy change
[faunus 639213] T: preparing xtc output for 3760 particles
[faunus 639213] I: relative energy drift = 4.028E-13
[faunus 639213] D: writing to topology.pqr
[faunus 639213] D: writing to topology.gro
