[faunus 639641] T: creating exclusion matrix 0×0 for 0 atoms within distance 0
[faunus 639641] I: Reading molecule configuration from file: /data2/stefan/SI-caffeine-surface-area/Structures/CFF_CG.aam
[faunus 639641] D: comment line: Infile: CFF_CG.pdb on 2019-01-24 16:11:26.125618 aurora1
[faunus 639641] D: net charge of loaded structure: 0e
[faunus 639641] T: creating exclusion matrix 8×0 for 8 atoms within distance 0
[faunus 639641] T: creating exclusion matrix 0×0 for 0 atoms within distance 0
[faunus 639641] I: Reading molecule configuration from file: /data2/stefan/SI-caffeine-surface-area/Structures/CFF_CG.aam
[faunus 639641] D: comment line: Infile: CFF_CG.pdb on 2019-01-24 16:11:26.125618 aurora1
[faunus 639641] D: net charge of loaded structure: 0e
[faunus 639641] T: creating exclusion matrix 8×0 for 8 atoms within distance 0
[faunus 639641] T: space particle capacity = 1888
[faunus 639641] T: space groups capacity = 236
[faunus 639641] I: adding 235 CFF1 molecules --> 2.49745E-02 mol/l (0 inactive)
[faunus 639641] I: adding 1 CFF2 molecules --> 0.00000E+00 mol/l (1 inactive)
[faunus 639641] T: particles inserted = 1888
[faunus 639641] T: groups inserted = 236
[faunus 639641] D: Combination rule lorentz_berthelot in effect for the wca potential.
[faunus 639641] T: Pair matrices for wca sigma (8×8) and epsilon (8×8) created using 0 custom pairs.
[faunus 639641] D: activated instant energy summation
[faunus 639641] D: setting summation policy to "serial"
[faunus 639641] D: hamiltonian expanded with nonbonded_exact
[faunus 639641] I: initial energy = 3.316819E+05 kT
[faunus 639641] W: `density` is replaced by `molecule_density` and `atom_density`. Activating the latter...
[faunus 639641] T: enabling gzip compression for energy.dat.gz
[mcloop 639641] [1670487782.312488] W: humongous negative energy change
[mcloop 639641] [1670487782.406570] W: humongous negative energy change
[mcloop 639641] [1670487782.438272] W: humongous negative energy change
[faunus 639641] T: preparing xtc output for 1880 particles
[faunus 639641] I: relative energy drift = -1.432E-14
[faunus 639641] D: writing to topology.pqr
[faunus 639641] D: writing to topology.gro
