[faunus 640110] T: creating exclusion matrix 0×0 for 0 atoms within distance 0
[faunus 640110] I: Reading molecule configuration from file: /data2/stefan/SI-caffeine-surface-area/Structures/CFF_CG.aam
[faunus 640110] D: comment line: Infile: CFF_CG.pdb on 2019-01-24 16:11:26.125618 aurora1
[faunus 640110] D: net charge of loaded structure: 0e
[faunus 640110] T: creating exclusion matrix 8×0 for 8 atoms within distance 0
[faunus 640110] T: creating exclusion matrix 0×0 for 0 atoms within distance 0
[faunus 640110] I: Reading molecule configuration from file: /data2/stefan/SI-caffeine-surface-area/Structures/CFF_CG.aam
[faunus 640110] D: comment line: Infile: CFF_CG.pdb on 2019-01-24 16:11:26.125618 aurora1
[faunus 640110] D: net charge of loaded structure: 0e
[faunus 640110] T: creating exclusion matrix 8×0 for 8 atoms within distance 0
[faunus 640110] T: space particle capacity = 1888
[faunus 640110] T: space groups capacity = 236
[faunus 640110] I: adding 235 CFF1 molecules --> 2.49745E-02 mol/l (0 inactive)
[faunus 640110] I: adding 1 CFF2 molecules --> 0.00000E+00 mol/l (1 inactive)
[faunus 640110] T: particles inserted = 1888
[faunus 640110] T: groups inserted = 236
[faunus 640110] D: Combination rule lorentz_berthelot in effect for the wca potential.
[faunus 640110] T: Pair matrices for wca sigma (8×8) and epsilon (8×8) created using 0 custom pairs.
[faunus 640110] D: activated instant energy summation
[faunus 640110] D: setting summation policy to "serial"
[faunus 640110] D: hamiltonian expanded with nonbonded_exact
[faunus 640110] I: initial energy = 3.558830E+13 kT
[faunus 640110] W: `density` is replaced by `molecule_density` and `atom_density`. Activating the latter...
[faunus 640110] T: enabling gzip compression for energy.dat.gz
[mcloop 640110] [1670487368.877557] W: humongous negative energy change
[mcloop 640110] [1670487368.878106] W: humongous negative energy change
[mcloop 640110] [1670487368.883786] W: humongous negative energy change
[mcloop 640110] [1670487368.917650] W: humongous negative energy change
[faunus 640110] T: preparing xtc output for 1880 particles
[faunus 640110] I: relative energy drift = -2.628E-15
[faunus 640110] D: writing to topology.pqr
[faunus 640110] D: writing to topology.gro
