[faunus 3473937] T: creating exclusion matrix 0×0 for 0 atoms within distance 0
[faunus 3473937] I: Reading molecule configuration from file: /data2/stefan/SI-caffeine-surface-area/Structures/CFF_CG.aam
[faunus 3473937] D: comment line: Infile: CFF_CG.pdb on 2019-01-24 16:11:26.125618 aurora1
[faunus 3473937] D: net charge of loaded structure: 0e
[faunus 3473937] T: creating exclusion matrix 8×0 for 8 atoms within distance 0
[faunus 3473937] T: space particle capacity = 1600
[faunus 3473937] T: space groups capacity = 200
[faunus 3473937] I: adding 200 CFF1 molecules --> 3.48555E-02 mol/l (0 inactive)
[faunus 3473937] T: particles inserted = 1600
[faunus 3473937] T: groups inserted = 200
[faunus 3473937] D: Combination rule lorentz_berthelot in effect for the wca potential.
[faunus 3473937] T: Pair matrices for wca sigma (8×8) and epsilon (8×8) created using 0 custom pairs.
[faunus 3473937] D: activated instant energy summation
[faunus 3473937] D: setting summation policy to "serial"
[faunus 3473937] D: hamiltonian expanded with nonbonded_exact
[faunus 3473937] I: initial energy = 1.712792E+05 kT
[faunus 3473937] T: enabling gzip compression for energy.dat.gz
[mcloop 3473937] [1666844680.663515] W: humongous negative energy change
[faunus 3473937] T: preparing xtc output for 1600 particles
[faunus 3473937] I: relative energy drift = -2.464E-14
[faunus 3473937] D: writing to topology.gro
