[faunus 1130841] T: creating exclusion matrix 0×0 for 0 atoms within distance 0
[faunus 1130841] I: Reading molecule configuration from file: /data2/stefan/SI-caffeine-surface-area/Structures/CFF_CG.aam
[faunus 1130841] D: comment line: Infile: CFF_CG.pdb on 2019-01-24 16:11:26.125618 aurora1
[faunus 1130841] D: net charge of loaded structure: 0e
[faunus 1130841] T: creating exclusion matrix 8×0 for 8 atoms within distance 0
[faunus 1130841] T: creating exclusion matrix 0×0 for 0 atoms within distance 0
[faunus 1130841] I: Reading molecule configuration from file: /data2/stefan/SI-caffeine-surface-area/Structures/CFF_CG.aam
[faunus 1130841] D: comment line: Infile: CFF_CG.pdb on 2019-01-24 16:11:26.125618 aurora1
[faunus 1130841] D: net charge of loaded structure: 0e
[faunus 1130841] T: creating exclusion matrix 8×0 for 8 atoms within distance 0
[faunus 1130841] T: space particle capacity = 1888
[faunus 1130841] T: space groups capacity = 236
[faunus 1130841] I: adding 235 CFF1 molecules --> 2.49745E-02 mol/l (0 inactive)
[faunus 1130841] I: adding 1 CFF2 molecules --> 0.00000E+00 mol/l (1 inactive)
[faunus 1130841] T: particles inserted = 1888
[faunus 1130841] T: groups inserted = 236
[faunus 1130841] D: Combination rule lorentz_berthelot in effect for the wca potential.
[faunus 1130841] T: Pair matrices for wca sigma (8×8) and epsilon (8×8) created using 0 custom pairs.
[faunus 1130841] D: activated instant energy summation
[faunus 1130841] D: setting summation policy to "serial"
[faunus 1130841] D: hamiltonian expanded with nonbonded_exact
[faunus 1130841] I: initial energy = 2.695958E+07 kT
[faunus 1130841] W: `density` is replaced by `molecule_density` and `atom_density`. Activating the latter...
[faunus 1130841] T: enabling gzip compression for energy.dat.gz
[mcloop 1130841] [1670487387.806459] W: humongous negative energy change
[mcloop 1130841] [1670487387.912316] W: humongous negative energy change
[mcloop 1130841] [1670487387.930486] W: humongous negative energy change
[mcloop 1130841] [1670487387.950090] W: humongous negative energy change
[mcloop 1130841] [1670487387.970102] W: humongous negative energy change
[faunus 1130841] T: preparing xtc output for 1880 particles
[faunus 1130841] I: relative energy drift = 2.435E-13
[faunus 1130841] D: writing to topology.pqr
[faunus 1130841] D: writing to topology.gro
