[faunus 3473274] T: creating exclusion matrix 0×0 for 0 atoms within distance 0
[faunus 3473274] I: Reading molecule configuration from file: /data2/stefan/SI-caffeine-surface-area/Structures/CFF_CG.aam
[faunus 3473274] D: comment line: Infile: CFF_CG.pdb on 2019-01-24 16:11:26.125618 aurora1
[faunus 3473274] D: net charge of loaded structure: 0e
[faunus 3473274] T: creating exclusion matrix 8×0 for 8 atoms within distance 0
[faunus 3473274] T: space particle capacity = 1600
[faunus 3473274] T: space groups capacity = 200
[faunus 3473274] I: adding 200 CFF1 molecules --> 1.49679E-02 mol/l (0 inactive)
[faunus 3473274] T: particles inserted = 1600
[faunus 3473274] T: groups inserted = 200
[faunus 3473274] D: Combination rule lorentz_berthelot in effect for the wca potential.
[faunus 3473274] T: Pair matrices for wca sigma (8×8) and epsilon (8×8) created using 0 custom pairs.
[faunus 3473274] D: activated instant energy summation
[faunus 3473274] D: setting summation policy to "serial"
[faunus 3473274] D: hamiltonian expanded with nonbonded_exact
[faunus 3473274] I: initial energy = 4.672024E+02 kT
[faunus 3473274] T: enabling gzip compression for energy.dat.gz
[faunus 3473274] T: preparing xtc output for 1600 particles
[faunus 3473274] I: relative energy drift = -5.533E-13
[faunus 3473274] D: writing to topology.gro
