[faunus 638120] T: creating exclusion matrix 0×0 for 0 atoms within distance 0
[faunus 638120] I: Reading molecule configuration from file: /data2/stefan/SI-caffeine-surface-area/Structures/CFF_CG.aam
[faunus 638120] D: comment line: Infile: CFF_CG.pdb on 2019-01-24 16:11:26.125618 aurora1
[faunus 638120] D: net charge of loaded structure: 0e
[faunus 638120] T: creating exclusion matrix 8×0 for 8 atoms within distance 0
[faunus 638120] T: creating exclusion matrix 0×0 for 0 atoms within distance 0
[faunus 638120] I: Reading molecule configuration from file: /data2/stefan/SI-caffeine-surface-area/Structures/CFF_CG.aam
[faunus 638120] D: comment line: Infile: CFF_CG.pdb on 2019-01-24 16:11:26.125618 aurora1
[faunus 638120] D: net charge of loaded structure: 0e
[faunus 638120] T: creating exclusion matrix 8×0 for 8 atoms within distance 0
[faunus 638120] T: space particle capacity = 1888
[faunus 638120] T: space groups capacity = 236
[faunus 638120] I: adding 235 CFF1 molecules --> 2.49745E-02 mol/l (0 inactive)
[faunus 638120] I: adding 1 CFF2 molecules --> 0.00000E+00 mol/l (1 inactive)
[faunus 638120] T: particles inserted = 1888
[faunus 638120] T: groups inserted = 236
[faunus 638120] D: Combination rule lorentz_berthelot in effect for the wca potential.
[faunus 638120] T: Pair matrices for wca sigma (8×8) and epsilon (8×8) created using 0 custom pairs.
[faunus 638120] D: activated instant energy summation
[faunus 638120] D: setting summation policy to "serial"
[faunus 638120] D: hamiltonian expanded with nonbonded_exact
[faunus 638120] I: initial energy = 1.864523E+07 kT
[faunus 638120] W: `density` is replaced by `molecule_density` and `atom_density`. Activating the latter...
[faunus 638120] T: enabling gzip compression for energy.dat.gz
[mcloop 638120] [1670487766.508912] W: humongous negative energy change
[mcloop 638120] [1670487766.509139] W: humongous negative energy change
[mcloop 638120] [1670487766.509936] W: humongous negative energy change
[mcloop 638120] [1670487766.526683] W: humongous negative energy change
[mcloop 638120] [1670487766.562566] W: humongous negative energy change
[mcloop 638120] [1670487766.576116] W: humongous negative energy change
[mcloop 638120] [1670487766.582564] W: humongous negative energy change
[faunus 638120] T: preparing xtc output for 1880 particles
[faunus 638120] I: relative energy drift = -3.252E-13
[faunus 638120] D: writing to topology.pqr
[faunus 638120] D: writing to topology.gro
