[faunus 1131152] T: creating exclusion matrix 0×0 for 0 atoms within distance 0
[faunus 1131152] I: Reading molecule configuration from file: /data2/stefan/SI-caffeine-surface-area/Structures/CFF_CG.aam
[faunus 1131152] D: comment line: Infile: CFF_CG.pdb on 2019-01-24 16:11:26.125618 aurora1
[faunus 1131152] D: net charge of loaded structure: 0e
[faunus 1131152] T: creating exclusion matrix 8×0 for 8 atoms within distance 0
[faunus 1131152] T: creating exclusion matrix 0×0 for 0 atoms within distance 0
[faunus 1131152] I: Reading molecule configuration from file: /data2/stefan/SI-caffeine-surface-area/Structures/CFF_CG.aam
[faunus 1131152] D: comment line: Infile: CFF_CG.pdb on 2019-01-24 16:11:26.125618 aurora1
[faunus 1131152] D: net charge of loaded structure: 0e
[faunus 1131152] T: creating exclusion matrix 8×0 for 8 atoms within distance 0
[faunus 1131152] T: space particle capacity = 7536
[faunus 1131152] T: space groups capacity = 942
[faunus 1131152] I: adding 941 CFF1 molecules --> 1.00004E-01 mol/l (0 inactive)
[faunus 1131152] I: adding 1 CFF2 molecules --> 0.00000E+00 mol/l (1 inactive)
[faunus 1131152] T: particles inserted = 7536
[faunus 1131152] T: groups inserted = 942
[faunus 1131152] D: Combination rule lorentz_berthelot in effect for the wca potential.
[faunus 1131152] T: Pair matrices for wca sigma (8×8) and epsilon (8×8) created using 0 custom pairs.
[faunus 1131152] D: activated instant energy summation
[faunus 1131152] D: setting summation policy to "serial"
[faunus 1131152] D: hamiltonian expanded with nonbonded_exact
[faunus 1131152] I: initial energy = 3.676025E+09 kT
[faunus 1131152] W: `density` is replaced by `molecule_density` and `atom_density`. Activating the latter...
[faunus 1131152] T: enabling gzip compression for energy.dat.gz
[mcloop 1131152] [1670487407.272744] W: humongous negative energy change
[mcloop 1131152] [1670487407.296664] W: humongous negative energy change
[mcloop 1131152] [1670487407.328523] W: humongous negative energy change
[mcloop 1131152] [1670487407.518317] W: humongous negative energy change
[mcloop 1131152] [1670487407.576917] W: humongous negative energy change
[mcloop 1131152] [1670487407.674258] W: humongous negative energy change
[mcloop 1131152] [1670487407.857927] W: humongous negative energy change
[mcloop 1131152] [1670487407.924610] W: humongous negative energy change
[mcloop 1131152] [1670487407.937543] W: humongous negative energy change
[mcloop 1131152] [1670487407.990590] W: humongous negative energy change
[mcloop 1131152] [1670487408.658280] W: humongous negative energy change
[mcloop 1131152] [1670487408.854904] W: humongous negative energy change
[mcloop 1131152] [1670487408.857165] W: humongous negative energy change
[mcloop 1131152] [1670487408.945880] W: humongous negative energy change
[mcloop 1131152] [1670487409.110130] W: humongous negative energy change
[mcloop 1131152] [1670487409.136773] W: humongous negative energy change
[mcloop 1131152] [1670487409.335785] W: humongous negative energy change
[mcloop 1131152] [1670487409.553313] W: humongous negative energy change
[mcloop 1131152] [1670487409.701296] W: humongous negative energy change
[mcloop 1131152] [1670487409.851903] W: humongous negative energy change
[mcloop 1131152] [1670487409.872532] W: humongous negative energy change
[mcloop 1131152] [1670487409.991227] W: humongous negative energy change
[mcloop 1131152] [1670487410.025332] W: humongous negative energy change
[mcloop 1131152] [1670487410.039149] W: humongous negative energy change
[mcloop 1131152] [1670487410.228030] W: humongous negative energy change
[mcloop 1131152] [1670487410.359433] W: humongous negative energy change
[mcloop 1131152] [1670487410.464882] W: humongous negative energy change
[mcloop 1131152] [1670487410.474353] W: humongous negative energy change
[mcloop 1131152] [1670487411.153052] W: humongous negative energy change
[mcloop 1131152] [1670487413.120534] W: humongous negative energy change
[mcloop 1131152] [1670487414.526485] W: humongous negative energy change
[mcloop 1131152] [1670487414.555722] W: humongous negative energy change
[mcloop 1131152] [1670487414.581445] W: humongous negative energy change
[mcloop 1131152] [1670487414.729349] W: humongous negative energy change
[mcloop 1131152] [1670487418.788804] W: humongous negative energy change
[mcloop 1131152] [1670487419.200733] W: humongous negative energy change
[mcloop 1131152] [1670487420.662937] W: humongous negative energy change
[mcloop 1131152] [1670487420.729304] W: humongous negative energy change
[mcloop 1131152] [1670487422.907325] W: humongous negative energy change
[faunus 1131152] T: preparing xtc output for 7528 particles
[faunus 1131152] I: relative energy drift = 6.261E-13
[faunus 1131152] D: writing to topology.pqr
[faunus 1131152] D: writing to topology.gro
