[faunus 638126] T: creating exclusion matrix 0×0 for 0 atoms within distance 0
[faunus 638126] I: Reading molecule configuration from file: /data2/stefan/SI-caffeine-surface-area/Structures/CFF_CG.aam
[faunus 638126] D: comment line: Infile: CFF_CG.pdb on 2019-01-24 16:11:26.125618 aurora1
[faunus 638126] D: net charge of loaded structure: 0e
[faunus 638126] T: creating exclusion matrix 8×0 for 8 atoms within distance 0
[faunus 638126] T: creating exclusion matrix 0×0 for 0 atoms within distance 0
[faunus 638126] I: Reading molecule configuration from file: /data2/stefan/SI-caffeine-surface-area/Structures/CFF_CG.aam
[faunus 638126] D: comment line: Infile: CFF_CG.pdb on 2019-01-24 16:11:26.125618 aurora1
[faunus 638126] D: net charge of loaded structure: 0e
[faunus 638126] T: creating exclusion matrix 8×0 for 8 atoms within distance 0
[faunus 638126] T: space particle capacity = 3768
[faunus 638126] T: space groups capacity = 471
[faunus 638126] I: adding 470 CFF1 molecules --> 4.99490E-02 mol/l (0 inactive)
[faunus 638126] I: adding 1 CFF2 molecules --> 0.00000E+00 mol/l (1 inactive)
[faunus 638126] T: particles inserted = 3768
[faunus 638126] T: groups inserted = 471
[faunus 638126] D: Combination rule lorentz_berthelot in effect for the wca potential.
[faunus 638126] T: Pair matrices for wca sigma (8×8) and epsilon (8×8) created using 0 custom pairs.
[faunus 638126] D: activated instant energy summation
[faunus 638126] D: setting summation policy to "serial"
[faunus 638126] D: hamiltonian expanded with nonbonded_exact
[faunus 638126] I: initial energy = 3.459063E+06 kT
[faunus 638126] W: `density` is replaced by `molecule_density` and `atom_density`. Activating the latter...
[faunus 638126] T: enabling gzip compression for energy.dat.gz
[mcloop 638126] [1670487766.514028] W: humongous negative energy change
[mcloop 638126] [1670487766.545198] W: humongous negative energy change
[mcloop 638126] [1670487766.546620] W: humongous negative energy change
[mcloop 638126] [1670487766.767055] W: humongous negative energy change
[faunus 638126] T: preparing xtc output for 3760 particles
[faunus 638126] I: relative energy drift = -9.045E-14
[faunus 638126] D: writing to topology.pqr
[faunus 638126] D: writing to topology.gro
