[faunus 638892] T: creating exclusion matrix 0×0 for 0 atoms within distance 0
[faunus 638892] I: Reading molecule configuration from file: /data2/stefan/SI-caffeine-surface-area/Structures/CFF_CG.aam
[faunus 638892] D: comment line: Infile: CFF_CG.pdb on 2019-01-24 16:11:26.125618 aurora1
[faunus 638892] D: net charge of loaded structure: 0e
[faunus 638892] T: creating exclusion matrix 8×0 for 8 atoms within distance 0
[faunus 638892] T: creating exclusion matrix 0×0 for 0 atoms within distance 0
[faunus 638892] I: Reading molecule configuration from file: /data2/stefan/SI-caffeine-surface-area/Structures/CFF_CG.aam
[faunus 638892] D: comment line: Infile: CFF_CG.pdb on 2019-01-24 16:11:26.125618 aurora1
[faunus 638892] D: net charge of loaded structure: 0e
[faunus 638892] T: creating exclusion matrix 8×0 for 8 atoms within distance 0
[faunus 638892] T: space particle capacity = 3768
[faunus 638892] T: space groups capacity = 471
[faunus 638892] I: adding 470 CFF1 molecules --> 4.99490E-02 mol/l (0 inactive)
[faunus 638892] I: adding 1 CFF2 molecules --> 0.00000E+00 mol/l (1 inactive)
[faunus 638892] T: particles inserted = 3768
[faunus 638892] T: groups inserted = 471
[faunus 638892] D: Combination rule lorentz_berthelot in effect for the wca potential.
[faunus 638892] T: Pair matrices for wca sigma (8×8) and epsilon (8×8) created using 0 custom pairs.
[faunus 638892] D: activated instant energy summation
[faunus 638892] D: setting summation policy to "serial"
[faunus 638892] D: hamiltonian expanded with nonbonded_exact
[faunus 638892] I: initial energy = 1.170432E+13 kT
[faunus 638892] W: `density` is replaced by `molecule_density` and `atom_density`. Activating the latter...
[faunus 638892] T: enabling gzip compression for energy.dat.gz
[mcloop 638892] [1670487774.545533] W: humongous negative energy change
[mcloop 638892] [1670487774.552096] W: humongous negative energy change
[mcloop 638892] [1670487774.572563] W: humongous negative energy change
[mcloop 638892] [1670487774.575408] W: humongous negative energy change
[mcloop 638892] [1670487774.575704] W: humongous negative energy change
[mcloop 638892] [1670487774.578123] W: humongous negative energy change
[mcloop 638892] [1670487774.585143] W: humongous negative energy change
[mcloop 638892] [1670487774.589642] W: humongous negative energy change
[mcloop 638892] [1670487774.609521] W: humongous negative energy change
[mcloop 638892] [1670487774.614673] W: humongous negative energy change
[mcloop 638892] [1670487774.627892] W: humongous negative energy change
[mcloop 638892] [1670487774.630503] W: humongous negative energy change
[mcloop 638892] [1670487774.658182] W: humongous negative energy change
[mcloop 638892] [1670487774.709850] W: humongous negative energy change
[mcloop 638892] [1670487774.750817] W: humongous negative energy change
[mcloop 638892] [1670487774.816861] W: humongous negative energy change
[mcloop 638892] [1670487774.819098] W: humongous negative energy change
[mcloop 638892] [1670487774.867983] W: humongous negative energy change
[mcloop 638892] [1670487775.065869] W: humongous negative energy change
[mcloop 638892] [1670487775.229364] W: humongous negative energy change
[mcloop 638892] [1670487775.237793] W: humongous negative energy change
[mcloop 638892] [1670487775.443561] W: humongous negative energy change
[mcloop 638892] [1670487775.506162] W: humongous negative energy change
[faunus 638892] T: preparing xtc output for 3760 particles
[faunus 638892] I: relative energy drift = -9.951E-14
[faunus 638892] D: writing to topology.pqr
[faunus 638892] D: writing to topology.gro
