[faunus 886833] T: creating exclusion matrix 0×0 for 0 atoms within distance 0
[faunus 886833] I: Reading molecule configuration from file: /data2/stefan/SI-caffeine-surface-area/Structures/CFF_CG.aam
[faunus 886833] D: comment line: Infile: CFF_CG.pdb on 2019-01-24 16:11:26.125618 aurora1
[faunus 886833] D: net charge of loaded structure: 0e
[faunus 886833] T: creating exclusion matrix 8×0 for 8 atoms within distance 0
[faunus 886833] T: creating exclusion matrix 0×0 for 0 atoms within distance 0
[faunus 886833] I: Reading molecule configuration from file: /data2/stefan/SI-caffeine-surface-area/Structures/CFF_CG.aam
[faunus 886833] D: comment line: Infile: CFF_CG.pdb on 2019-01-24 16:11:26.125618 aurora1
[faunus 886833] D: net charge of loaded structure: 0e
[faunus 886833] T: creating exclusion matrix 8×0 for 8 atoms within distance 0
[faunus 886833] T: space particle capacity = 1888
[faunus 886833] T: space groups capacity = 236
[faunus 886833] I: adding 235 CFF1 molecules --> 2.49745E-02 mol/l (0 inactive)
[faunus 886833] I: adding 1 CFF2 molecules --> 0.00000E+00 mol/l (1 inactive)
[faunus 886833] T: particles inserted = 1888
[faunus 886833] T: groups inserted = 236
[faunus 886833] D: Combination rule lorentz_berthelot in effect for the wca potential.
[faunus 886833] T: Pair matrices for wca sigma (8×8) and epsilon (8×8) created using 0 custom pairs.
[faunus 886833] D: activated instant energy summation
[faunus 886833] D: setting summation policy to "serial"
[faunus 886833] D: hamiltonian expanded with nonbonded_exact
[faunus 886833] I: initial energy = 6.615670E+04 kT
[faunus 886833] W: `density` is replaced by `molecule_density` and `atom_density`. Activating the latter...
[faunus 886833] T: enabling gzip compression for energy.dat.gz
[mcloop 886833] [1670490244.726989] W: humongous negative energy change
[mcloop 886833] [1670490244.754366] W: humongous negative energy change
[mcloop 886833] [1670490244.758352] W: humongous negative energy change
[mcloop 886833] [1670490244.784843] W: humongous negative energy change
[faunus 886833] T: preparing xtc output for 1880 particles
[faunus 886833] I: relative energy drift = -5.004E-13
[faunus 886833] D: writing to topology.pqr
[faunus 886833] D: writing to topology.gro
