[faunus 638139] T: creating exclusion matrix 0×0 for 0 atoms within distance 0
[faunus 638139] I: Reading molecule configuration from file: /data2/stefan/SI-caffeine-surface-area/Structures/CFF_CG.aam
[faunus 638139] D: comment line: Infile: CFF_CG.pdb on 2019-01-24 16:11:26.125618 aurora1
[faunus 638139] D: net charge of loaded structure: 0e
[faunus 638139] T: creating exclusion matrix 8×0 for 8 atoms within distance 0
[faunus 638139] T: creating exclusion matrix 0×0 for 0 atoms within distance 0
[faunus 638139] I: Reading molecule configuration from file: /data2/stefan/SI-caffeine-surface-area/Structures/CFF_CG.aam
[faunus 638139] D: comment line: Infile: CFF_CG.pdb on 2019-01-24 16:11:26.125618 aurora1
[faunus 638139] D: net charge of loaded structure: 0e
[faunus 638139] T: creating exclusion matrix 8×0 for 8 atoms within distance 0
[faunus 638139] T: space particle capacity = 3768
[faunus 638139] T: space groups capacity = 471
[faunus 638139] I: adding 470 CFF1 molecules --> 4.99490E-02 mol/l (0 inactive)
[faunus 638139] I: adding 1 CFF2 molecules --> 0.00000E+00 mol/l (1 inactive)
[faunus 638139] T: particles inserted = 3768
[faunus 638139] T: groups inserted = 471
[faunus 638139] D: Combination rule lorentz_berthelot in effect for the wca potential.
[faunus 638139] T: Pair matrices for wca sigma (8×8) and epsilon (8×8) created using 0 custom pairs.
[faunus 638139] D: activated instant energy summation
[faunus 638139] D: setting summation policy to "serial"
[faunus 638139] D: hamiltonian expanded with nonbonded_exact
[faunus 638139] I: initial energy = 5.174718E+17 kT
[faunus 638139] W: `density` is replaced by `molecule_density` and `atom_density`. Activating the latter...
[faunus 638139] T: enabling gzip compression for energy.dat.gz
[mcloop 638139] [1670487766.964830] W: humongous negative energy change
[mcloop 638139] [1670487766.998949] W: humongous negative energy change
[mcloop 638139] [1670487767.090055] W: humongous negative energy change
[mcloop 638139] [1670487767.104200] W: humongous negative energy change
[mcloop 638139] [1670487767.194691] W: humongous negative energy change
[mcloop 638139] [1670487767.557412] W: humongous negative energy change
[mcloop 638139] [1670487767.649179] W: humongous negative energy change
[mcloop 638139] [1670487768.109361] W: humongous negative energy change
[mcloop 638139] [1670487768.210489] W: humongous negative energy change
[mcloop 638139] [1670487768.734307] W: humongous negative energy change
[mcloop 638139] [1670487769.127711] W: humongous negative energy change
[faunus 638139] T: preparing xtc output for 3760 particles
[faunus 638139] I: relative energy drift = -4.432E-16
[faunus 638139] D: writing to topology.pqr
[faunus 638139] D: writing to topology.gro
