[faunus 3475592] T: creating exclusion matrix 0×0 for 0 atoms within distance 0
[faunus 3475592] I: Reading molecule configuration from file: /data2/stefan/SI-caffeine-surface-area/Structures/CFF_CG.aam
[faunus 3475592] D: comment line: Infile: CFF_CG.pdb on 2019-01-24 16:11:26.125618 aurora1
[faunus 3475592] D: net charge of loaded structure: 0e
[faunus 3475592] T: creating exclusion matrix 8×0 for 8 atoms within distance 0
[faunus 3475592] T: space particle capacity = 1600
[faunus 3475592] T: space groups capacity = 200
[faunus 3475592] I: adding 200 CFF1 molecules --> 8.41992E-02 mol/l (0 inactive)
[faunus 3475592] T: particles inserted = 1600
[faunus 3475592] T: groups inserted = 200
[faunus 3475592] D: Combination rule lorentz_berthelot in effect for the wca potential.
[faunus 3475592] T: Pair matrices for wca sigma (8×8) and epsilon (8×8) created using 0 custom pairs.
[faunus 3475592] D: activated instant energy summation
[faunus 3475592] D: setting summation policy to "serial"
[faunus 3475592] D: hamiltonian expanded with nonbonded_exact
[faunus 3475592] I: initial energy = 9.262591E+10 kT
[faunus 3475592] T: enabling gzip compression for energy.dat.gz
[mcloop 3475592] [1666844698.790088] W: humongous negative energy change
[mcloop 3475592] [1666844698.790132] W: humongous negative energy change
[mcloop 3475592] [1666844698.790236] W: humongous negative energy change
[mcloop 3475592] [1666844698.790539] W: humongous negative energy change
[mcloop 3475592] [1666844698.790578] W: humongous negative energy change
[mcloop 3475592] [1666844698.790892] W: humongous negative energy change
[mcloop 3475592] [1666844698.791153] W: humongous negative energy change
[mcloop 3475592] [1666844698.791223] W: humongous negative energy change
[mcloop 3475592] [1666844698.791625] W: humongous negative energy change
[mcloop 3475592] [1666844698.792060] W: humongous negative energy change
[mcloop 3475592] [1666844698.792245] W: humongous negative energy change
[mcloop 3475592] [1666844698.792513] W: humongous negative energy change
[mcloop 3475592] [1666844698.793080] W: humongous negative energy change
[faunus 3475592] T: preparing xtc output for 1600 particles
[faunus 3475592] I: relative energy drift = -9.099E-14
[faunus 3475592] D: writing to topology.gro
