[faunus 1130846] T: creating exclusion matrix 0×0 for 0 atoms within distance 0
[faunus 1130846] I: Reading molecule configuration from file: /data2/stefan/SI-caffeine-surface-area/Structures/CFF_CG.aam
[faunus 1130846] D: comment line: Infile: CFF_CG.pdb on 2019-01-24 16:11:26.125618 aurora1
[faunus 1130846] D: net charge of loaded structure: 0e
[faunus 1130846] T: creating exclusion matrix 8×0 for 8 atoms within distance 0
[faunus 1130846] T: creating exclusion matrix 0×0 for 0 atoms within distance 0
[faunus 1130846] I: Reading molecule configuration from file: /data2/stefan/SI-caffeine-surface-area/Structures/CFF_CG.aam
[faunus 1130846] D: comment line: Infile: CFF_CG.pdb on 2019-01-24 16:11:26.125618 aurora1
[faunus 1130846] D: net charge of loaded structure: 0e
[faunus 1130846] T: creating exclusion matrix 8×0 for 8 atoms within distance 0
[faunus 1130846] T: space particle capacity = 952
[faunus 1130846] T: space groups capacity = 119
[faunus 1130846] I: adding 118 CFF1 molecules --> 1.25404E-02 mol/l (0 inactive)
[faunus 1130846] I: adding 1 CFF2 molecules --> 0.00000E+00 mol/l (1 inactive)
[faunus 1130846] T: particles inserted = 952
[faunus 1130846] T: groups inserted = 119
[faunus 1130846] D: Combination rule lorentz_berthelot in effect for the wca potential.
[faunus 1130846] T: Pair matrices for wca sigma (8×8) and epsilon (8×8) created using 0 custom pairs.
[faunus 1130846] D: activated instant energy summation
[faunus 1130846] D: setting summation policy to "serial"
[faunus 1130846] D: hamiltonian expanded with nonbonded_exact
[faunus 1130846] I: initial energy = -2.631671E-02 kT
[faunus 1130846] W: `density` is replaced by `molecule_density` and `atom_density`. Activating the latter...
[faunus 1130846] T: enabling gzip compression for energy.dat.gz
[faunus 1130846] T: preparing xtc output for 944 particles
[faunus 1130846] I: relative energy drift = -5.222E-10
[faunus 1130846] D: writing to topology.pqr
[faunus 1130846] D: writing to topology.gro
