[faunus 3474929] T: creating exclusion matrix 0×0 for 0 atoms within distance 0
[faunus 3474929] I: Reading molecule configuration from file: /data2/stefan/SI-caffeine-surface-area/Structures/CFF_CG.aam
[faunus 3474929] D: comment line: Infile: CFF_CG.pdb on 2019-01-24 16:11:26.125618 aurora1
[faunus 3474929] D: net charge of loaded structure: 0e
[faunus 3474929] T: creating exclusion matrix 8×0 for 8 atoms within distance 0
[faunus 3474929] T: space particle capacity = 1600
[faunus 3474929] T: space groups capacity = 200
[faunus 3474929] I: adding 200 CFF1 molecules --> 6.52671E-02 mol/l (0 inactive)
[faunus 3474929] T: particles inserted = 1600
[faunus 3474929] T: groups inserted = 200
[faunus 3474929] D: Combination rule lorentz_berthelot in effect for the wca potential.
[faunus 3474929] T: Pair matrices for wca sigma (8×8) and epsilon (8×8) created using 0 custom pairs.
[faunus 3474929] D: activated instant energy summation
[faunus 3474929] D: setting summation policy to "serial"
[faunus 3474929] D: hamiltonian expanded with nonbonded_exact
[faunus 3474929] I: initial energy = 2.998525E+04 kT
[faunus 3474929] T: enabling gzip compression for energy.dat.gz
[mcloop 3474929] [1666844691.443726] W: humongous negative energy change
[mcloop 3474929] [1666844691.444329] W: humongous negative energy change
[faunus 3474929] T: preparing xtc output for 1600 particles
[faunus 3474929] I: relative energy drift = -9.693E-14
[faunus 3474929] D: writing to topology.gro
