[faunus 886121] T: creating exclusion matrix 0×0 for 0 atoms within distance 0
[faunus 886121] I: Reading molecule configuration from file: /data2/stefan/SI-caffeine-surface-area/Structures/CFF_CG.aam
[faunus 886121] D: comment line: Infile: CFF_CG.pdb on 2019-01-24 16:11:26.125618 aurora1
[faunus 886121] D: net charge of loaded structure: 0e
[faunus 886121] T: creating exclusion matrix 8×0 for 8 atoms within distance 0
[faunus 886121] T: creating exclusion matrix 0×0 for 0 atoms within distance 0
[faunus 886121] I: Reading molecule configuration from file: /data2/stefan/SI-caffeine-surface-area/Structures/CFF_CG.aam
[faunus 886121] D: comment line: Infile: CFF_CG.pdb on 2019-01-24 16:11:26.125618 aurora1
[faunus 886121] D: net charge of loaded structure: 0e
[faunus 886121] T: creating exclusion matrix 8×0 for 8 atoms within distance 0
[faunus 886121] T: space particle capacity = 3768
[faunus 886121] T: space groups capacity = 471
[faunus 886121] I: adding 470 CFF1 molecules --> 4.99490E-02 mol/l (0 inactive)
[faunus 886121] I: adding 1 CFF2 molecules --> 0.00000E+00 mol/l (1 inactive)
[faunus 886121] T: particles inserted = 3768
[faunus 886121] T: groups inserted = 471
[faunus 886121] D: Combination rule lorentz_berthelot in effect for the wca potential.
[faunus 886121] T: Pair matrices for wca sigma (8×8) and epsilon (8×8) created using 0 custom pairs.
[faunus 886121] D: activated instant energy summation
[faunus 886121] D: setting summation policy to "serial"
[faunus 886121] D: hamiltonian expanded with nonbonded_exact
[faunus 886121] I: initial energy = 2.725458E+07 kT
[faunus 886121] W: `density` is replaced by `molecule_density` and `atom_density`. Activating the latter...
[faunus 886121] T: enabling gzip compression for energy.dat.gz
[mcloop 886121] [1670490027.463849] W: humongous negative energy change
[mcloop 886121] [1670490027.745442] W: humongous negative energy change
[mcloop 886121] [1670490027.881524] W: humongous negative energy change
[mcloop 886121] [1670490027.910951] W: humongous negative energy change
[mcloop 886121] [1670490028.499016] W: humongous negative energy change
[mcloop 886121] [1670490028.587261] W: humongous negative energy change
[mcloop 886121] [1670490028.599169] W: humongous negative energy change
[faunus 886121] T: preparing xtc output for 3760 particles
[faunus 886121] I: relative energy drift = -2.363E-13
[faunus 886121] D: writing to topology.pqr
[faunus 886121] D: writing to topology.gro
