[faunus 638123] T: creating exclusion matrix 0×0 for 0 atoms within distance 0
[faunus 638123] I: Reading molecule configuration from file: /data2/stefan/SI-caffeine-surface-area/Structures/CFF_CG.aam
[faunus 638123] D: comment line: Infile: CFF_CG.pdb on 2019-01-24 16:11:26.125618 aurora1
[faunus 638123] D: net charge of loaded structure: 0e
[faunus 638123] T: creating exclusion matrix 8×0 for 8 atoms within distance 0
[faunus 638123] T: creating exclusion matrix 0×0 for 0 atoms within distance 0
[faunus 638123] I: Reading molecule configuration from file: /data2/stefan/SI-caffeine-surface-area/Structures/CFF_CG.aam
[faunus 638123] D: comment line: Infile: CFF_CG.pdb on 2019-01-24 16:11:26.125618 aurora1
[faunus 638123] D: net charge of loaded structure: 0e
[faunus 638123] T: creating exclusion matrix 8×0 for 8 atoms within distance 0
[faunus 638123] T: space particle capacity = 1888
[faunus 638123] T: space groups capacity = 236
[faunus 638123] I: adding 235 CFF1 molecules --> 2.49745E-02 mol/l (0 inactive)
[faunus 638123] I: adding 1 CFF2 molecules --> 0.00000E+00 mol/l (1 inactive)
[faunus 638123] T: particles inserted = 1888
[faunus 638123] T: groups inserted = 236
[faunus 638123] D: Combination rule lorentz_berthelot in effect for the wca potential.
[faunus 638123] T: Pair matrices for wca sigma (8×8) and epsilon (8×8) created using 0 custom pairs.
[faunus 638123] D: activated instant energy summation
[faunus 638123] D: setting summation policy to "serial"
[faunus 638123] D: hamiltonian expanded with nonbonded_exact
[faunus 638123] I: initial energy = 2.075568E+05 kT
[faunus 638123] W: `density` is replaced by `molecule_density` and `atom_density`. Activating the latter...
[faunus 638123] T: enabling gzip compression for energy.dat.gz
[mcloop 638123] [1670487766.512698] W: humongous negative energy change
[mcloop 638123] [1670487766.522221] W: humongous negative energy change
[mcloop 638123] [1670487766.547202] W: humongous negative energy change
[mcloop 638123] [1670487766.588355] W: humongous negative energy change
[mcloop 638123] [1670487766.613184] W: humongous negative energy change
[faunus 638123] T: preparing xtc output for 1880 particles
[faunus 638123] I: relative energy drift = -3.009E-13
[faunus 638123] D: writing to topology.pqr
[faunus 638123] D: writing to topology.gro
