[faunus 644266] T: creating exclusion matrix 0×0 for 0 atoms within distance 0
[faunus 644266] I: Reading molecule configuration from file: /data2/stefan/SI-caffeine-surface-area/Structures/CFF_CG.aam
[faunus 644266] D: comment line: Infile: CFF_CG.pdb on 2019-01-24 16:11:26.125618 aurora1
[faunus 644266] D: net charge of loaded structure: 0e
[faunus 644266] T: creating exclusion matrix 8×0 for 8 atoms within distance 0
[faunus 644266] T: creating exclusion matrix 0×0 for 0 atoms within distance 0
[faunus 644266] I: Reading molecule configuration from file: /data2/stefan/SI-caffeine-surface-area/Structures/CFF_CG.aam
[faunus 644266] D: comment line: Infile: CFF_CG.pdb on 2019-01-24 16:11:26.125618 aurora1
[faunus 644266] D: net charge of loaded structure: 0e
[faunus 644266] T: creating exclusion matrix 8×0 for 8 atoms within distance 0
[faunus 644266] T: space particle capacity = 1888
[faunus 644266] T: space groups capacity = 236
[faunus 644266] I: adding 235 CFF1 molecules --> 2.49745E-02 mol/l (0 inactive)
[faunus 644266] I: adding 1 CFF2 molecules --> 0.00000E+00 mol/l (1 inactive)
[faunus 644266] T: particles inserted = 1888
[faunus 644266] T: groups inserted = 236
[faunus 644266] D: Combination rule lorentz_berthelot in effect for the wca potential.
[faunus 644266] T: Pair matrices for wca sigma (8×8) and epsilon (8×8) created using 0 custom pairs.
[faunus 644266] D: activated instant energy summation
[faunus 644266] D: setting summation policy to "serial"
[faunus 644266] D: hamiltonian expanded with nonbonded_exact
[faunus 644266] I: initial energy = 1.957708E+03 kT
[faunus 644266] W: `density` is replaced by `molecule_density` and `atom_density`. Activating the latter...
[faunus 644266] T: enabling gzip compression for energy.dat.gz
[mcloop 644266] [1670491115.221407] W: humongous negative energy change
[faunus 644266] T: preparing xtc output for 1880 particles
[faunus 644266] I: relative energy drift = 3.182E-14
[faunus 644266] D: writing to topology.pqr
[faunus 644266] D: writing to topology.gro
