[faunus 886513] T: creating exclusion matrix 0×0 for 0 atoms within distance 0
[faunus 886513] I: Reading molecule configuration from file: /data2/stefan/SI-caffeine-surface-area/Structures/CFF_CG.aam
[faunus 886513] D: comment line: Infile: CFF_CG.pdb on 2019-01-24 16:11:26.125618 aurora1
[faunus 886513] D: net charge of loaded structure: 0e
[faunus 886513] T: creating exclusion matrix 8×0 for 8 atoms within distance 0
[faunus 886513] T: creating exclusion matrix 0×0 for 0 atoms within distance 0
[faunus 886513] I: Reading molecule configuration from file: /data2/stefan/SI-caffeine-surface-area/Structures/CFF_CG.aam
[faunus 886513] D: comment line: Infile: CFF_CG.pdb on 2019-01-24 16:11:26.125618 aurora1
[faunus 886513] D: net charge of loaded structure: 0e
[faunus 886513] T: creating exclusion matrix 8×0 for 8 atoms within distance 0
[faunus 886513] T: space particle capacity = 1888
[faunus 886513] T: space groups capacity = 236
[faunus 886513] I: adding 235 CFF1 molecules --> 2.49745E-02 mol/l (0 inactive)
[faunus 886513] I: adding 1 CFF2 molecules --> 0.00000E+00 mol/l (1 inactive)
[faunus 886513] T: particles inserted = 1888
[faunus 886513] T: groups inserted = 236
[faunus 886513] D: Combination rule lorentz_berthelot in effect for the wca potential.
[faunus 886513] T: Pair matrices for wca sigma (8×8) and epsilon (8×8) created using 0 custom pairs.
[faunus 886513] D: activated instant energy summation
[faunus 886513] D: setting summation policy to "serial"
[faunus 886513] D: hamiltonian expanded with nonbonded_exact
[faunus 886513] I: initial energy = 1.669708E+10 kT
[faunus 886513] W: `density` is replaced by `molecule_density` and `atom_density`. Activating the latter...
[faunus 886513] T: enabling gzip compression for energy.dat.gz
[mcloop 886513] [1670490202.088454] W: humongous negative energy change
[mcloop 886513] [1670490202.091654] W: humongous negative energy change
[mcloop 886513] [1670490202.114213] W: humongous negative energy change
[mcloop 886513] [1670490202.134161] W: humongous negative energy change
[mcloop 886513] [1670490202.220924] W: humongous negative energy change
[mcloop 886513] [1670490202.332327] W: humongous negative energy change
[mcloop 886513] [1670490202.386254] W: humongous negative energy change
[mcloop 886513] [1670490202.489727] W: humongous negative energy change
[mcloop 886513] [1670490202.528874] W: humongous negative energy change
[mcloop 886513] [1670490202.531580] W: humongous negative energy change
[faunus 886513] T: preparing xtc output for 1880 particles
[faunus 886513] I: relative energy drift = -2.160E-13
[faunus 886513] D: writing to topology.pqr
[faunus 886513] D: writing to topology.gro
