[faunus 3473606] T: creating exclusion matrix 0×0 for 0 atoms within distance 0
[faunus 3473606] I: Reading molecule configuration from file: /data2/stefan/SI-caffeine-surface-area/Structures/CFF_CG.aam
[faunus 3473606] D: comment line: Infile: CFF_CG.pdb on 2019-01-24 16:11:26.125618 aurora1
[faunus 3473606] D: net charge of loaded structure: 0e
[faunus 3473606] T: creating exclusion matrix 8×0 for 8 atoms within distance 0
[faunus 3473606] T: space particle capacity = 1600
[faunus 3473606] T: space groups capacity = 200
[faunus 3473606] I: adding 200 CFF1 molecules --> 2.49479E-02 mol/l (0 inactive)
[faunus 3473606] T: particles inserted = 1600
[faunus 3473606] T: groups inserted = 200
[faunus 3473606] D: Combination rule lorentz_berthelot in effect for the wca potential.
[faunus 3473606] T: Pair matrices for wca sigma (8×8) and epsilon (8×8) created using 0 custom pairs.
[faunus 3473606] D: activated instant energy summation
[faunus 3473606] D: setting summation policy to "serial"
[faunus 3473606] D: hamiltonian expanded with nonbonded_exact
[faunus 3473606] I: initial energy = 1.193055E+03 kT
[faunus 3473606] T: enabling gzip compression for energy.dat.gz
[mcloop 3473606] [1666844677.108939] W: humongous negative energy change
[faunus 3473606] T: preparing xtc output for 1600 particles
[faunus 3473606] I: relative energy drift = 6.793E-13
[faunus 3473606] D: writing to topology.gro
