[faunus 3472943] T: creating exclusion matrix 0×0 for 0 atoms within distance 0
[faunus 3472943] I: Reading molecule configuration from file: /data2/stefan/SI-caffeine-surface-area/Structures/CFF_CG.aam
[faunus 3472943] D: comment line: Infile: CFF_CG.pdb on 2019-01-24 16:11:26.125618 aurora1
[faunus 3472943] D: net charge of loaded structure: 0e
[faunus 3472943] T: creating exclusion matrix 8×0 for 8 atoms within distance 0
[faunus 3472943] T: space particle capacity = 1600
[faunus 3472943] T: space groups capacity = 200
[faunus 3472943] I: adding 200 CFF1 molecules --> 4.99936E-03 mol/l (0 inactive)
[faunus 3472943] T: particles inserted = 1600
[faunus 3472943] T: groups inserted = 200
[faunus 3472943] D: Combination rule lorentz_berthelot in effect for the wca potential.
[faunus 3472943] T: Pair matrices for wca sigma (8×8) and epsilon (8×8) created using 0 custom pairs.
[faunus 3472943] D: activated instant energy summation
[faunus 3472943] D: setting summation policy to "serial"
[faunus 3472943] D: hamiltonian expanded with nonbonded_exact
[faunus 3472943] I: initial energy = 1.443819E+02 kT
[faunus 3472943] T: enabling gzip compression for energy.dat.gz
[faunus 3472943] T: preparing xtc output for 1600 particles
[faunus 3472943] I: relative energy drift = 1.795E-11
[faunus 3472943] D: writing to topology.gro
