[faunus 640107] T: creating exclusion matrix 0×0 for 0 atoms within distance 0
[faunus 640107] I: Reading molecule configuration from file: /data2/stefan/SI-caffeine-surface-area/Structures/CFF_CG.aam
[faunus 640107] D: comment line: Infile: CFF_CG.pdb on 2019-01-24 16:11:26.125618 aurora1
[faunus 640107] D: net charge of loaded structure: 0e
[faunus 640107] T: creating exclusion matrix 8×0 for 8 atoms within distance 0
[faunus 640107] T: creating exclusion matrix 0×0 for 0 atoms within distance 0
[faunus 640107] I: Reading molecule configuration from file: /data2/stefan/SI-caffeine-surface-area/Structures/CFF_CG.aam
[faunus 640107] D: comment line: Infile: CFF_CG.pdb on 2019-01-24 16:11:26.125618 aurora1
[faunus 640107] D: net charge of loaded structure: 0e
[faunus 640107] T: creating exclusion matrix 8×0 for 8 atoms within distance 0
[faunus 640107] T: space particle capacity = 1888
[faunus 640107] T: space groups capacity = 236
[faunus 640107] I: adding 235 CFF1 molecules --> 2.49745E-02 mol/l (0 inactive)
[faunus 640107] I: adding 1 CFF2 molecules --> 0.00000E+00 mol/l (1 inactive)
[faunus 640107] T: particles inserted = 1888
[faunus 640107] T: groups inserted = 236
[faunus 640107] D: Combination rule lorentz_berthelot in effect for the wca potential.
[faunus 640107] T: Pair matrices for wca sigma (8×8) and epsilon (8×8) created using 0 custom pairs.
[faunus 640107] D: activated instant energy summation
[faunus 640107] D: setting summation policy to "serial"
[faunus 640107] D: hamiltonian expanded with nonbonded_exact
[faunus 640107] I: initial energy = 8.197558E+13 kT
[faunus 640107] W: `density` is replaced by `molecule_density` and `atom_density`. Activating the latter...
[faunus 640107] T: enabling gzip compression for energy.dat.gz
[mcloop 640107] [1670487368.856063] W: humongous negative energy change
[mcloop 640107] [1670487368.861950] W: humongous negative energy change
[mcloop 640107] [1670487368.878251] W: humongous negative energy change
[mcloop 640107] [1670487368.878781] W: humongous negative energy change
[mcloop 640107] [1670487368.905701] W: humongous negative energy change
[mcloop 640107] [1670487368.911423] W: humongous negative energy change
[faunus 640107] T: preparing xtc output for 1880 particles
[faunus 640107] I: relative energy drift = -1.604E-13
[faunus 640107] D: writing to topology.pqr
[faunus 640107] D: writing to topology.gro
